[2022-08-04 13:37:34,983] - System - DEBUG - connect to database
[2022-08-04 13:37:35,008] - System - DEBUG - database connected
[2022-08-04 13:37:35,008] - System - DEBUG - getting password auth
[2022-08-04 13:37:35,009] - System - DEBUG - execute sql statement
[2022-08-04 13:37:37,581] - System - DEBUG - connect to database
[2022-08-04 13:37:37,597] - System - DEBUG - database connected
[2022-08-04 13:37:37,597] - System - DEBUG - getting password auth
[2022-08-04 13:37:37,597] - System - DEBUG - execute sql statement
[2022-08-04 13:37:57,516] - product - ERROR - database error: (MySQLdb.IntegrityError) (1062, "Duplicate entry '2-2' for key 'temo_product.PRIMARY'")
[SQL: 
                    INSERT INTO temo_product (ID, Product, Type, Price, Description)
                    VALUES ("2", "2", "2", 2, "2");
                    ]
(Background on this error at: https://sqlalche.me/e/14/gkpj)
[2022-08-04 13:42:19,796] - System - DEBUG - connect to database
[2022-08-04 13:42:19,800] - System - DEBUG - database connected
[2022-08-04 13:42:19,800] - System - DEBUG - getting password auth
[2022-08-04 13:42:19,800] - System - DEBUG - execute sql statement
[2022-08-04 13:51:56,458] - System - DEBUG - connect to database
[2022-08-04 13:51:56,463] - System - DEBUG - database connected
[2022-08-04 13:51:56,464] - System - DEBUG - getting password auth
[2022-08-04 13:51:56,464] - System - DEBUG - execute sql statement
[2022-08-04 13:57:23,149] - user_username - ERROR - database error: (MySQLdb.OperationalError) (1050, "Table 'temo_product' already exists")
[SQL: 
                CREATE TABLE temo_product(
                    ID varchar(32),
                    Product varchar(32),
                    Type varchar(32),
                    Price int,
                    Description varchar(64)
                );
                ]
(Background on this error at: https://sqlalche.me/e/14/e3q8)
[2022-08-04 13:57:23,149] - user_username - ERROR - Exception(Exception(OperationalError('(MySQLdb.OperationalError) (1050, "Table \'temo_product\' already exists")')))
