[2022-08-01 20:30:09,085] - System - DEBUG - connect to database
[2022-08-01 20:30:39,268] - System - DEBUG - connect to database
[2022-08-01 20:31:31,049] - User - ERROR - database error: (MySQLdb.IntegrityError) (1062, "Duplicate entry '123' for key 'users.PRIMARY'")
[SQL: 
                    INSERT INTO users (Account, Password, Name, salt, Add_Date)
                    VALUES ("123", "bdc0dcd3266c83c22602912bd459362a6639d2a250d4655bddf9a2189fdaa3dc", "temo", "fa68640318", "2022-08-01 20:31:30.982902");
                    ]
(Background on this error at: https://sqlalche.me/e/14/gkpj)
[2022-08-01 20:31:35,397] - System - DEBUG - connect to database
[2022-08-01 20:31:35,401] - System - DEBUG - database connected
[2022-08-01 20:31:35,401] - System - DEBUG - getting password auth
[2022-08-01 20:31:35,401] - System - DEBUG - execute sql statement
[2022-08-01 20:31:48,523] - System - DEBUG - connect to database
[2022-08-01 20:31:48,526] - System - DEBUG - database connected
[2022-08-01 20:31:48,527] - System - DEBUG - getting password auth
[2022-08-01 20:31:48,527] - System - DEBUG - execute sql statement
[2022-08-01 20:31:50,549] - System - DEBUG - connect to database
[2022-08-01 20:31:50,552] - System - DEBUG - database connected
[2022-08-01 20:31:50,552] - System - DEBUG - getting password auth
[2022-08-01 20:31:50,552] - System - DEBUG - execute sql statement
[2022-08-01 20:34:33,201] - System - DEBUG - connect to database
[2022-08-01 20:34:33,206] - System - DEBUG - database connected
[2022-08-01 20:34:33,207] - System - DEBUG - getting password auth
[2022-08-01 20:34:33,207] - System - DEBUG - execute sql statement
