[2022-07-29 14:20:01,241] - user_username - ERROR - <BadRequestKeyError '400: Bad Request'>
[2022-07-29 14:21:17,099] - user_username - ERROR - TypeError("'<' not supported between instances of 'list' and 'int'")
[2022-07-29 14:21:47,398] - user_username - ERROR - TypeError("'<' not supported between instances of 'list' and 'int'")
[2022-07-29 14:22:00,158] - user_username - ERROR - TypeError("'<' not supported between instances of 'list' and 'int'")
[2022-07-29 14:22:30,594] - user_username - ERROR - TypeError("'<' not supported between instances of 'list' and 'int'")
[2022-07-29 14:23:04,404] - user_username - ERROR - TypeError("'<' not supported between instances of 'list' and 'int'")
[2022-07-29 14:24:44,610] - user_username - ERROR - TypeError("'<' not supported between instances of 'list' and 'int'")
[2022-07-29 14:24:54,181] - user_username - ERROR - TypeError("'<' not supported between instances of 'list' and 'int'")
[2022-07-29 14:38:13,113] - System - DEBUG - connect to database
[2022-07-29 14:38:13,117] - System - DEBUG - database connected
[2022-07-29 14:38:13,117] - System - DEBUG - getting password auth
[2022-07-29 14:38:13,117] - System - DEBUG - execute sql statement
[2022-07-29 14:44:14,238] - System - DEBUG - connect to database
[2022-07-29 14:44:14,241] - System - DEBUG - database connected
[2022-07-29 14:44:14,241] - System - DEBUG - getting password auth
[2022-07-29 14:44:14,241] - System - DEBUG - execute sql statement
[2022-07-29 14:49:08,702] - System - DEBUG - connect to database
[2022-07-29 14:49:08,706] - System - DEBUG - database connected
[2022-07-29 14:49:08,706] - System - DEBUG - getting password auth
[2022-07-29 14:49:08,706] - System - DEBUG - execute sql statement
